make all --print-data-base --no-builtin-variables --no-builtin-rules --question
# GNU Make 4.3
# Built for x86_64-pc-linux-gnu
# Copyright (C) 1988-2020 Free Software Foundation, Inc.
# License GPLv3+: GNU GPL version 3 or later <http://gnu.org/licenses/gpl.html>
# This is free software: you are free to change and redistribute it.
# There is NO WARRANTY, to the extent permitted by law.

# Make data base, printed on Mon Jun 20 20:16:58 2022

# Variables

# environment
LC_ALL = C
# environment
LC_NAME = tr_TR.UTF-8
# environment
LC_NUMERIC = tr_TR.UTF-8
# environment
VSCODE_CWD = /home/enes
# environment
LESS_TERMCAP_me = [0m
# environment
LC_ADDRESS = tr_TR.UTF-8
# default
MAKE_COMMAND := make
# environment
VSCODE_HANDLES_SIGPIPE = true
# automatic
@D = $(patsubst %/,%,$(dir $@))
# environment
VSCODE_HANDLES_UNCAUGHT_ERRORS = true
# default
.VARIABLES := 
# environment
PWD = /home/enes/os-hw3
# automatic
%D = $(patsubst %/,%,$(dir $%))
# environment
MAIL = /var/spool/mail/enes
# environment
OLDPWD = /home/enes
# automatic
^D = $(patsubst %/,%,$(dir $^))
# environment
VSCODE_LOG_STACK = false
# automatic
%F = $(notdir $%)
# environment
LANG = C
# default
.LOADED := 
# environment
LESS_TERMCAP_md = [01;32m
# default
.INCLUDE_DIRS = /usr/include /usr/local/include /usr/include
# makefile
MAKEFLAGS = pqrR
# environment
LESS_TERMCAP_so = [01;47;34m
# makefile
CURDIR := /home/enes/os-hw3
# environment
VSCODE_PIPE_LOGGING = true
# environment
APPLICATION_INSIGHTS_NO_DIAGNOSTIC_CHANNEL = true
# automatic
*D = $(patsubst %/,%,$(dir $*))
# environment
LESS_TERMCAP_ue = [0m
# environment
MFLAGS = -pqrR
# default
.SHELLFLAGS := -c
# automatic
+D = $(patsubst %/,%,$(dir $+))
# environment
P9K_SSH = 1
# makefile (from 'Makefile', line 1)
MAKEFILE_LIST := Makefile
# automatic
@F = $(notdir $@)
# environment
VSCODE_VERBOSE_LOGGING = true
# environment
XDG_SESSION_TYPE = tty
# automatic
?D = $(patsubst %/,%,$(dir $?))
# automatic
*F = $(notdir $*)
# environment
DBUS_SESSION_BUS_ADDRESS = unix:path=/run/user/1000/bus
# automatic
<D = $(patsubst %/,%,$(dir $<))
# environment
VSCODE_NLS_CONFIG = {"locale":"en","availableLanguages":{}}
# default
MAKE_HOST := x86_64-pc-linux-gnu
# makefile
SHELL = /bin/sh
# environment
LESS_TERMCAP_us = [01;36m
# default
MAKECMDGOALS := all
# environment
SHLVL = 2
# environment
MAKELEVEL := 0
# default
MAKE = $(MAKE_COMMAND)
# environment
PATH = /home/enes/.vscode-server/bin/30d9c6cd9483b2cc586687151bcbcd635f373630/bin/remote-cli:/home/enes/.local/bin:/home/enes/.local/bin:/usr/local/sbin:/usr/local/bin:/usr/bin:/usr/lib/jvm/default/bin:/usr/bin/site_perl:/usr/bin/vendor_perl:/usr/bin/core_perl:/usr/lib/jvm/default/bin
# environment
LESS_TERMCAP_se = [0m
# default
MAKEFILES := 
# environment
LC_MONETARY = tr_TR.UTF-8
# environment
MOTD_SHOWN = pam
# automatic
^F = $(notdir $^)
# environment
LC_TIME = tr_TR.UTF-8
# environment
LESS_TERMCAP_mb = [01;32m
# environment
SSH_CLIENT = 10.0.2.2 56511 22
# environment
VSCODE_LOG_NATIVE = false
# environment
LC_TELEPHONE = tr_TR.UTF-8
# automatic
?F = $(notdir $?)
# environment
LS_COLORS = 
# automatic
+F = $(notdir $+)
# environment
LESS = -R
# 'override' directive
GNUMAKEFLAGS := 
# environment
BROWSER = /home/enes/.vscode-server/bin/30d9c6cd9483b2cc586687151bcbcd635f373630/bin/helpers/browser.sh
# environment
LOGNAME = enes
# makefile
.DEFAULT_GOAL := all
# environment
USER = enes
# default
MAKE_VERSION := 4.3
# environment
VSCODE_EXTHOST_WILL_SEND_SOCKET = true
# environment
LC_MEASUREMENT = tr_TR.UTF-8
# environment
VSCODE_AGENT_FOLDER = /home/enes/.vscode-server
# environment
_ = /usr/bin/make
# environment
LC_PAPER = tr_TR.UTF-8
# environment
XDG_RUNTIME_DIR = /run/user/1000
# environment
VSCODE_IPC_HOOK_CLI = /run/user/1000/vscode-ipc-3d8dc0d6-e663-41ac-848d-cd9fbf6a3e6c.sock
# environment
XDG_SESSION_CLASS = user
# environment
VSCODE_AMD_ENTRYPOINT = vs/workbench/api/node/extensionHostProcess
# environment
HOME = /home/enes
# environment
XDG_SESSION_ID = 5
# default
.RECIPEPREFIX := 
# automatic
<F = $(notdir $<)
# default
SUFFIXES := 
# environment
LS_OPTIONS = --color=auto
# default
.FEATURES := target-specific order-only second-expansion else-if shortest-stem undefine oneshell nocomment grouped-target extra-prereqs archives jobserver output-sync check-symlink guile load
# environment
PKGFILE_PROMPT_INSTALL_MISSING = 1
# environment
LC_IDENTIFICATION = tr_TR.UTF-8
# environment
SSH_CONNECTION = 10.0.2.2 56511 10.0.2.15 22
# variable set hash-table stats:
# Load=89/1024=9%, Rehash=0, Collisions=11/122=9%

# Pattern-specific Variable Values

# No pattern-specific variable values.

# Directories

# . (device 2049, inode 1180805): 18 files, no impossibilities.

# 18 files, no impossibilities in 1 directories.

# Implicit Rules

# No implicit rules.

# Files

unmount:
#  Implicit rule search has not been done.
#  Modification time never checked.
#  File has not been updated.
#  recipe to execute (from 'Makefile', line 9):
	fusermount -u fs-root

# Not a target:
Makefile:
#  Implicit rule search has been done.
#  Last modified 2022-06-20 19:10:19.567725246
#  File has been updated.
#  Successfully updated.

clean:
#  Implicit rule search has not been done.
#  Modification time never checked.
#  File has not been updated.
#  recipe to execute (from 'Makefile', line 11):
	fusermount -u fs-root
	rm -rf example.img hw3

info:
#  Implicit rule search has not been done.
#  Modification time never checked.
#  File has not been updated.
#  recipe to execute (from 'Makefile', line 14):
	fsck.vfat -vn example.img

# Not a target:
.DEFAULT:
#  Implicit rule search has not been done.
#  Modification time never checked.
#  File has not been updated.

all:
#  Command line target.
#  Implicit rule search has not been done.
#  Implicit/static pattern stem: ''
#  File does not exist.
#  File has been updated.
#  Needs to be updated (-q is set).
# automatic
# @ := all
# automatic
# * := 
# automatic
# < := 
# automatic
# + := 
# automatic
# % := 
# automatic
# ^ := 
# automatic
# ? := 
# automatic
# | := 
# variable set hash-table stats:
# Load=8/32=25%, Rehash=0, Collisions=1/11=9%
#  recipe to execute (from 'Makefile', line 2):
	g++ -O3 --std=c++20 *.cpp -o hw3

image:
#  Implicit rule search has not been done.
#  Modification time never checked.
#  File has not been updated.
#  recipe to execute (from 'Makefile', line 4):
	dd if=/dev/zero of=example.img bs=1024 count=102400
	mkfs.vfat -F 32 -S 512 -s 2 example.img

 
mount:
#  Implicit rule search has not been done.
#  Modification time never checked.
#  File has not been updated.
#  recipe to execute (from 'Makefile', line 7):
	fusefat -o rw+ -o umask=770 example.img fs-root

# Not a target:
.SUFFIXES:
#  Implicit rule search has not been done.
#  Modification time never checked.
#  File has not been updated.

# files hash-table stats:
# Load=9/1024=1%, Rehash=0, Collisions=0/21=0%
# VPATH Search Paths

# No 'vpath' search paths.

# No general ('VPATH' variable) search path.

# strcache buffers: 1 (0) / strings = 28 / storage = 259 B / avg = 9 B
# current buf: size = 8162 B / used = 259 B / count = 28 / avg = 9 B

# strcache performance: lookups = 40 / hit rate = 30%
# hash-table stats:
# Load=28/8192=0%, Rehash=0, Collisions=0/40=0%
# Finished Make data base on Mon Jun 20 20:16:58 2022

 
